<?xml version="1.0" encoding="UTF-8"?>
<Site BuildName="Win32-ninja"
	BuildStamp="20251113-0125-Experimental"
	Name="MSI"
	Generator="ctest-3.29.2"
	CompilerName="C:/Strawberry/c/bin/g++.exe"
	CompilerVersion="13.2.0"
	OSName="Windows"
	Hostname="MSI"
	OSRelease=" Professional"
	OSVersion=" (Build 9200)"
	OSPlatform="AMD64"
	Is64Bits="1"
	VendorString=""
	VendorID="Unknown Manufacturer"
	FamilyID="0"
	ModelID="0"
	ProcessorCacheSize="0"
	NumberOfLogicalCPU="16"
	NumberOfPhysicalCPU="10"
	TotalVirtualMemory="32304"
	TotalPhysicalMemory="16087"
	LogicalProcessorsPerPhysical="1"
	ProcessorClockFrequency="2918"
	>
	<Testing>
		<StartDateTime>Nov 13 09:35 [NON-UTF-8-BYTE-0xA5]x[NON-UTF-8-BYTE-0xA5]_[NON-UTF-8-BYTE-0xBC]зǮɶ[NON-UTF-8-BYTE-0xA1]</StartDateTime>
		<StartTestTime>1762997743</StartTestTime>
		<TestList/>
		<EndDateTime>Nov 13 09:35 [NON-UTF-8-BYTE-0xA5]x[NON-UTF-8-BYTE-0xA5]_[NON-UTF-8-BYTE-0xBC]зǮɶ[NON-UTF-8-BYTE-0xA1]</EndDateTime>
		<EndTestTime>1762997743</EndTestTime>
		<ElapsedMinutes>0</ElapsedMinutes>
	</Testing>
</Site>
